org.wso2.carbon.device.mgt.iot.androidsense.agent/app/build/outputs/logs/manifest-merger-debug-report.txt
-- Merging decision tree log ---
manifest
ADDED from src/main/AndroidManifest.xml:2:1-87:12
	package
		ADDED from src/main/AndroidManifest.xml:3:5-70
		INJECTED from src/main/AndroidManifest.xml
		INJECTED from src/main/AndroidManifest.xml
	android:versionName
		INJECTED from src/main/AndroidManifest.xml
		INJECTED from src/main/AndroidManifest.xml
	xmlns:android
		ADDED from src/main/AndroidManifest.xml:2:11-69
	android:versionCode
		INJECTED from src/main/AndroidManifest.xml
		INJECTED from src/main/AndroidManifest.xml
uses-sdk
ADDED from src/main/AndroidManifest.xml:5:5-44
MERGED from [com.android.support:design:22.2.1] AndroidManifest.xml:20:5-43
MERGED from [com.android.support:appcompat-v7:22.2.1] AndroidManifest.xml:20:5-43
MERGED from [org.altbeacon:android-beacon-library:2.8.1] AndroidManifest.xml:7:5-9:41
MERGED from [com.google.android.gms:play-services-location:9.4.0] AndroidManifest.xml:18:5-42
MERGED from [com.google.android.gms:play-services-base:9.4.0] AndroidManifest.xml:18:5-42
MERGED from [com.google.android.gms:play-services-tasks:9.4.0] AndroidManifest.xml:4:5-43
MERGED from [com.google.android.gms:play-services-basement:9.4.0] AndroidManifest.xml:18:5-42
MERGED from [com.android.support:support-v4:23.0.0] AndroidManifest.xml:20:5-43
	android:targetSdkVersion
		INJECTED from src/main/AndroidManifest.xml
		INJECTED from src/main/AndroidManifest.xml
	android:minSdkVersion
		ADDED from src/main/AndroidManifest.xml:5:15-41
		INJECTED from src/main/AndroidManifest.xml
		INJECTED from src/main/AndroidManifest.xml
uses-permission#android.permission.RECEIVE_BOOT_COMPLETED
ADDED from src/main/AndroidManifest.xml:7:5-81
MERGED from [org.altbeacon:android-beacon-library:2.8.1] AndroidManifest.xml:13:5-81
	android:name
		ADDED from src/main/AndroidManifest.xml:7:22-78
uses-permission#android.permission.WAKE_LOCK
ADDED from src/main/AndroidManifest.xml:8:5-68
	android:name
		ADDED from src/main/AndroidManifest.xml:8:22-65
uses-permission#android.permission.ACCESS_WIFI_STATE
ADDED from src/main/AndroidManifest.xml:9:5-76
	android:name
		ADDED from src/main/AndroidManifest.xml:9:22-73
uses-permission#android.permission.ACCESS_NETWORK_STATE
ADDED from src/main/AndroidManifest.xml:10:5-79
	android:name
		ADDED from src/main/AndroidManifest.xml:10:22-76
uses-permission#android.permission.ACCESS_FINE_LOCATION
ADDED from src/main/AndroidManifest.xml:11:5-79
	android:name
		ADDED from src/main/AndroidManifest.xml:11:22-76
uses-permission#android.permission.INTERNET
ADDED from src/main/AndroidManifest.xml:12:5-67
	android:name
		ADDED from src/main/AndroidManifest.xml:12:22-64
uses-permission#android.permission.READ_PHONE_STATE
ADDED from src/main/AndroidManifest.xml:13:5-75
	android:name
		ADDED from src/main/AndroidManifest.xml:13:22-72
uses-permission#android.permission.BATTERY_STATS
ADDED from src/main/AndroidManifest.xml:14:5-72
	android:name
		ADDED from src/main/AndroidManifest.xml:14:22-69
uses-permission#android.permission.RECORD_AUDIO
ADDED from src/main/AndroidManifest.xml:15:5-71
	android:name
		ADDED from src/main/AndroidManifest.xml:15:22-68
uses-permission#android.permission.PROCESS_OUTGOING_CALLS
ADDED from src/main/AndroidManifest.xml:16:5-81
	android:name
		ADDED from src/main/AndroidManifest.xml:16:22-78
uses-permission#android.permission.BLUETOOTH
ADDED from src/main/AndroidManifest.xml:17:5-68
MERGED from [org.altbeacon:android-beacon-library:2.8.1] AndroidManifest.xml:11:5-68
	android:name
		ADDED from src/main/AndroidManifest.xml:17:22-65
uses-permission#android.permission.BLUETOOTH_ADMIN
ADDED from src/main/AndroidManifest.xml:18:5-74
MERGED from [org.altbeacon:android-beacon-library:2.8.1] AndroidManifest.xml:12:5-74
	android:name
		ADDED from src/main/AndroidManifest.xml:18:22-71
uses-permission#android.permission.ACCESS_COARSE_LOCATION
ADDED from src/main/AndroidManifest.xml:19:5-81
	android:name
		ADDED from src/main/AndroidManifest.xml:19:22-78
uses-permission#android.permission.MODIFY_AUDIO_SETTINGS
ADDED from src/main/AndroidManifest.xml:20:5-80
	android:name
		ADDED from src/main/AndroidManifest.xml:20:22-77
uses-permission#com.google.android.gms.permission.ACTIVITY_RECOGNITION
ADDED from src/main/AndroidManifest.xml:21:5-94
	android:name
		ADDED from src/main/AndroidManifest.xml:21:22-91
uses-permission#android.permission.RECEIVE_SMS
ADDED from src/main/AndroidManifest.xml:22:5-70
	android:name
		ADDED from src/main/AndroidManifest.xml:22:22-67
uses-permission#android.permission.READ_SMS
ADDED from src/main/AndroidManifest.xml:23:5-67
	android:name
		ADDED from src/main/AndroidManifest.xml:23:22-64
android:uses-permission#android.permission.WRITE_EXTERNAL_STORAGE
ADDED from src/main/AndroidManifest.xml:25:5-89
	android:name
		ADDED from src/main/AndroidManifest.xml:25:30-86
android:uses-permission#android.permission.READ_EXTERNAL_STORAGE
ADDED from src/main/AndroidManifest.xml:26:5-88
	android:name
		ADDED from src/main/AndroidManifest.xml:26:30-85
application
ADDED from src/main/AndroidManifest.xml:28:5-85:19
MERGED from [com.android.support:design:22.2.1] AndroidManifest.xml:22:5-20
MERGED from [com.android.support:appcompat-v7:22.2.1] AndroidManifest.xml:22:5-20
MERGED from [org.altbeacon:android-beacon-library:2.8.1] AndroidManifest.xml:17:5-36:19
MERGED from [com.google.android.gms:play-services-location:9.4.0] AndroidManifest.xml:19:5-20
MERGED from [com.google.android.gms:play-services-base:9.4.0] AndroidManifest.xml:19:5-23:19
MERGED from [com.google.android.gms:play-services-tasks:9.4.0] AndroidManifest.xml:5:5-20
MERGED from [com.google.android.gms:play-services-basement:9.4.0] AndroidManifest.xml:20:5-24:19
MERGED from [com.android.support:support-v4:23.0.0] AndroidManifest.xml:22:5-20
	android:label
		ADDED from src/main/AndroidManifest.xml:31:9-41
	android:allowBackup
		ADDED from src/main/AndroidManifest.xml:29:9-35
	android:icon
		ADDED from src/main/AndroidManifest.xml:30:9-40
	android:theme
		ADDED from src/main/AndroidManifest.xml:32:9-40
activity#org.wso2.carbon.iot.android.sense.RegisterActivity
ADDED from src/main/AndroidManifest.xml:33:9-42:20
	android:label
		ADDED from src/main/AndroidManifest.xml:35:13-45
	android:windowSoftInputMode
		ADDED from src/main/AndroidManifest.xml:36:13-68
	android:name
		ADDED from src/main/AndroidManifest.xml:34:13-78
intent-filter#android.intent.action.MAIN+android.intent.category.LAUNCHER
ADDED from src/main/AndroidManifest.xml:37:13-41:29
action#android.intent.action.MAIN
ADDED from src/main/AndroidManifest.xml:38:17-69
	android:name
		ADDED from src/main/AndroidManifest.xml:38:25-66
category#android.intent.category.LAUNCHER
ADDED from src/main/AndroidManifest.xml:40:17-77
	android:name
		ADDED from src/main/AndroidManifest.xml:40:27-74
service#org.wso2.carbon.iot.android.sense.event.SenseService
ADDED from src/main/AndroidManifest.xml:44:9-47:56
	android:enabled
		ADDED from src/main/AndroidManifest.xml:46:13-35
	android:label
		ADDED from src/main/AndroidManifest.xml:47:13-45
	android:name
		ADDED from src/main/AndroidManifest.xml:45:13-80
service#org.wso2.carbon.iot.android.sense.data.publisher.DataPublisherService
ADDED from src/main/AndroidManifest.xml:48:9-51:56
	android:enabled
		ADDED from src/main/AndroidManifest.xml:50:13-35
	android:label
		ADDED from src/main/AndroidManifest.xml:51:13-45
	android:name
		ADDED from src/main/AndroidManifest.xml:49:13-97
service#org.wso2.carbon.iot.android.sense.event.streams.battery.BatteryReaderService
ADDED from src/main/AndroidManifest.xml:52:9-55:56
	android:enabled
		ADDED from src/main/AndroidManifest.xml:54:13-35
	android:label
		ADDED from src/main/AndroidManifest.xml:55:13-45
	android:name
		ADDED from src/main/AndroidManifest.xml:53:13-104
service#org.wso2.carbon.iot.android.sense.event.streams.activity.ActivityReceiver
ADDED from src/main/AndroidManifest.xml:56:9-109
	android:name
		ADDED from src/main/AndroidManifest.xml:56:18-106
receiver#org.wso2.carbon.iot.android.sense.event.SenseScheduleReceiver
ADDED from src/main/AndroidManifest.xml:58:9-65:20
	android:name
		ADDED from src/main/AndroidManifest.xml:58:19-95
intent-filter#android.intent.action.BOOT_COMPLETED+android.intent.action.QUICKBOOT_POWERON+android.intent.category.LAUNCHER
ADDED from src/main/AndroidManifest.xml:59:13-64:29
action#android.intent.action.BOOT_COMPLETED
ADDED from src/main/AndroidManifest.xml:60:17-79
	android:name
		ADDED from src/main/AndroidManifest.xml:60:25-76
action#android.intent.action.QUICKBOOT_POWERON
ADDED from src/main/AndroidManifest.xml:61:17-82
	android:name
		ADDED from src/main/AndroidManifest.xml:61:25-79
activity#org.wso2.carbon.iot.android.sense.realtimeviewer.ActivitySelectSensor
ADDED from src/main/AndroidManifest.xml:67:9-71:68
	android:label
		ADDED from src/main/AndroidManifest.xml:70:13-39
	android:configChanges
		ADDED from src/main/AndroidManifest.xml:69:13-74
	android:theme
		ADDED from src/main/AndroidManifest.xml:71:13-56
	android:name
		ADDED from src/main/AndroidManifest.xml:68:13-97
activity#org.wso2.carbon.iot.android.sense.speech.detector.WordRecognitionActivity
ADDED from src/main/AndroidManifest.xml:72:9-75:68
	android:label
		ADDED from src/main/AndroidManifest.xml:74:13-47
	android:theme
		ADDED from src/main/AndroidManifest.xml:75:13-56
	android:name
		ADDED from src/main/AndroidManifest.xml:73:13-101
activity#org.wso2.carbon.iot.android.sense.beacon.MonitoringActivity
ADDED from src/main/AndroidManifest.xml:76:9-79:68
	android:label
		ADDED from src/main/AndroidManifest.xml:78:13-43
	android:theme
		ADDED from src/main/AndroidManifest.xml:79:13-56
	android:name
		ADDED from src/main/AndroidManifest.xml:77:13-87
activity#org.wso2.carbon.iot.android.sense.bmonitor.BeaconMonitoringActivity
ADDED from src/main/AndroidManifest.xml:80:9-83:68
	android:label
		ADDED from src/main/AndroidManifest.xml:82:13-43
	android:theme
		ADDED from src/main/AndroidManifest.xml:83:13-56
	android:name
		ADDED from src/main/AndroidManifest.xml:81:13-95
activity#org.wso2.edgeanalyticsservice.SiddhiActivity
ADDED from src/main/AndroidManifest.xml:84:9-90
	android:name
		ADDED from src/main/AndroidManifest.xml:84:19-78
uses-permission-sdk-23
ADDED from [org.altbeacon:android-beacon-library:2.8.1] AndroidManifest.xml:15:5-88
	android:name
		ADDED from [org.altbeacon:android-beacon-library:2.8.1] AndroidManifest.xml:15:29-85
receiver#org.altbeacon.beacon.startup.StartupBroadcastReceiver
ADDED from [org.altbeacon:android-beacon-library:2.8.1] AndroidManifest.xml:18:9-24:20
	android:name
		ADDED from [org.altbeacon:android-beacon-library:2.8.1] AndroidManifest.xml:18:19-87
intent-filter#android.intent.action.ACTION_POWER_CONNECTED+android.intent.action.ACTION_POWER_DISCONNECTED+android.intent.action.BOOT_COMPLETED
ADDED from [org.altbeacon:android-beacon-library:2.8.1] AndroidManifest.xml:19:13-23:29
action#android.intent.action.ACTION_POWER_CONNECTED
ADDED from [org.altbeacon:android-beacon-library:2.8.1] AndroidManifest.xml:21:17-87
	android:name
		ADDED from [org.altbeacon:android-beacon-library:2.8.1] AndroidManifest.xml:21:25-84
action#android.intent.action.ACTION_POWER_DISCONNECTED
ADDED from [org.altbeacon:android-beacon-library:2.8.1] AndroidManifest.xml:22:17-90
	android:name
		ADDED from [org.altbeacon:android-beacon-library:2.8.1] AndroidManifest.xml:22:25-87
service#org.altbeacon.beacon.service.BeaconService
ADDED from [org.altbeacon:android-beacon-library:2.8.1] AndroidManifest.xml:26:9-31:38
	android:enabled
		ADDED from [org.altbeacon:android-beacon-library:2.8.1] AndroidManifest.xml:28:13-35
	android:label
		ADDED from [org.altbeacon:android-beacon-library:2.8.1] AndroidManifest.xml:31:13-35
	android:exported
		ADDED from [org.altbeacon:android-beacon-library:2.8.1] AndroidManifest.xml:29:13-37
	android:isolatedProcess
		ADDED from [org.altbeacon:android-beacon-library:2.8.1] AndroidManifest.xml:30:13-44
	android:name
		ADDED from [org.altbeacon:android-beacon-library:2.8.1] AndroidManifest.xml:27:13-70
service#org.altbeacon.beacon.BeaconIntentProcessor
ADDED from [org.altbeacon:android-beacon-library:2.8.1] AndroidManifest.xml:32:9-35:40
	android:enabled
		ADDED from [org.altbeacon:android-beacon-library:2.8.1] AndroidManifest.xml:34:13-35
	android:exported
		ADDED from [org.altbeacon:android-beacon-library:2.8.1] AndroidManifest.xml:35:13-37
	android:name
		ADDED from [org.altbeacon:android-beacon-library:2.8.1] AndroidManifest.xml:33:13-70
activity#com.google.android.gms.common.api.GoogleApiActivity
ADDED from [com.google.android.gms:play-services-base:9.4.0] AndroidManifest.xml:20:9-22:45
	android:exported
		ADDED from [com.google.android.gms:play-services-base:9.4.0] AndroidManifest.xml:22:19-43
	android:theme
		ADDED from [com.google.android.gms:play-services-base:9.4.0] AndroidManifest.xml:21:19-78
	android:name
		ADDED from [com.google.android.gms:play-services-base:9.4.0] AndroidManifest.xml:20:19-85
meta-data#com.google.android.gms.version
ADDED from [com.google.android.gms:play-services-basement:9.4.0] AndroidManifest.xml:21:9-23:69
	android:value
		ADDED from [com.google.android.gms:play-services-basement:9.4.0] AndroidManifest.xml:23:13-66
	android:name
		ADDED from [com.google.android.gms:play-services-basement:9.4.0] AndroidManifest.xml:22:13-58